2023-11-30 19:20:42 - INFO - (704370857:4): Initializing ManeuverDetection: log_wandb: False - eval:True
2023-11-30 19:20:42 - INFO - (704370857:16): Fetching dataset: /root/dev/Merlion/maneuvers-adaptation/data/residues
2023-11-30 19:21:12 - INFO - (3973824282:4): Initializing ManeuverDetection: log_wandb: False - eval:True
2023-11-30 19:21:12 - INFO - (3973824282:16): Fetching dataset: /root/dev/Merlion/maneuvers-adaptation/data/residues
2023-11-30 19:30:29 - INFO - (3973824282:4): Initializing ManeuverDetection: log_wandb: False - eval:False
2023-11-30 19:30:29 - INFO - (3973824282:16): Fetching dataset: /root/dev/Merlion/maneuvers-adaptation/data/residues
2023-11-30 19:30:36 - DEBUG - (3973824282:141): Metrics for:
(1, (25, 10, 5), 1, 0.0005, 512, 50)
{'f1': 0.3481037924151697,
 'loss': 0.7925345599651337,
 'mttd': 77718.0,
 'precision': 0.5864197530864197,
 'recall': 0.31081449939949773,
 'train_time': 2.177448666666667}
2023-11-30 19:30:36 - INFO - (3973824282:152): 
New best AutoEncoder: {'f1': 0.3481037924151697,
 'loss': 0.7925345599651337,
 'mttd': 77718.0,
 'precision': 0.5864197530864197,
 'recall': 0.31081449939949773,
 'train_time': 2.177448666666667}
Configuration;
{'batch_size': 512,
 'hidden_size': 1,
 'layer_sizes': (25, 10, 5),
 'lr': 0.0005,
 'num_epochs': 50,
 'sequence_len': 1}
2023-11-30 19:30:42 - DEBUG - (3973824282:141): Metrics for:
(1, (25, 10, 5), 1, 0.001, 512, 50)
{'f1': 0.34559841740850644,
 'loss': 0.7371207674344381,
 'mttd': 71744.0,
 'precision': 0.5811447811447811,
 'recall': 0.31081449939949773,
 'train_time': 2.220489666666667}
2023-11-30 19:30:49 - DEBUG - (3973824282:141): Metrics for:
(1, (25, 10, 5), 1, 0.0015, 512, 50)
{'f1': 0.3481037924151697,
 'loss': 0.7682410379250845,
 'mttd': 77718.0,
 'precision': 0.5864197530864197,
 'recall': 0.31081449939949773,
 'train_time': 2.203313}
2023-11-30 19:30:49 - INFO - (3973824282:152): 
New best AutoEncoder: {'f1': 0.3481037924151697,
 'loss': 0.7682410379250845,
 'mttd': 77718.0,
 'precision': 0.5864197530864197,
 'recall': 0.31081449939949773,
 'train_time': 2.203313}
Configuration;
{'batch_size': 512,
 'hidden_size': 1,
 'layer_sizes': (25, 10, 5),
 'lr': 0.0015,
 'num_epochs': 50,
 'sequence_len': 1}
2023-11-30 19:30:56 - DEBUG - (3973824282:141): Metrics for:
(1, (25, 10, 5), 1, 0.01, 512, 50)
{'f1': 0.3481037924151697,
 'loss': 0.6999205028017362,
 'mttd': 77718.0,
 'precision': 0.5864197530864197,
 'recall': 0.31081449939949773,
 'train_time': 2.2038123333333335}
2023-11-30 19:31:03 - DEBUG - (3973824282:141): Metrics for:
(1, (25, 10, 5), 6, 0.0005, 512, 50)
{'f1': 0.2258758103367444,
 'loss': 0.6830148994922638,
 'mttd': 103385.33333333333,
 'precision': 0.5655430711610486,
 'recall': 0.15771372420569932,
 'train_time': 2.0938833333333333}
2023-11-30 19:31:03 - INFO - (3973824282:152): 
New best AutoEncoder: {'f1': 0.2258758103367444,
 'loss': 0.6830148994922638,
 'mttd': 103385.33333333333,
 'precision': 0.5655430711610486,
 'recall': 0.15771372420569932,
 'train_time': 2.0938833333333333}
Configuration;
{'batch_size': 512,
 'hidden_size': 1,
 'layer_sizes': (25, 10, 5),
 'lr': 0.0005,
 'num_epochs': 50,
 'sequence_len': 6}
2023-11-30 19:31:09 - DEBUG - (3973824282:141): Metrics for:
(1, (25, 10, 5), 6, 0.001, 512, 50)
{'f1': 0.2258758103367444,
 'loss': 0.6795843839645386,
 'mttd': 103385.33333333333,
 'precision': 0.5655430711610486,
 'recall': 0.15771372420569932,
 'train_time': 2.1000713333333336}
2023-11-30 19:31:09 - INFO - (3973824282:152): 
New best AutoEncoder: {'f1': 0.2258758103367444,
 'loss': 0.6795843839645386,
 'mttd': 103385.33333333333,
 'precision': 0.5655430711610486,
 'recall': 0.15771372420569932,
 'train_time': 2.1000713333333336}
Configuration;
{'batch_size': 512,
 'hidden_size': 1,
 'layer_sizes': (25, 10, 5),
 'lr': 0.001,
 'num_epochs': 50,
 'sequence_len': 6}
2023-11-30 19:31:16 - DEBUG - (3973824282:141): Metrics for:
(1, (25, 10, 5), 6, 0.0015, 512, 50)
{'f1': 0.22340591222004172,
 'loss': 0.6704720010360082,
 'mttd': 103385.33333333333,
 'precision': 0.47463398025195785,
 'recall': 0.15771372420569932,
 'train_time': 2.0081700000000002}
2023-11-30 19:31:22 - DEBUG - (3973824282:141): Metrics for:
(1, (25, 10, 5), 6, 0.01, 512, 50)
{'f1': 0.22340591222004172,
 'loss': 0.5596478581428528,
 'mttd': 102438.33333333333,
 'precision': 0.47463398025195785,
 'recall': 0.15771372420569932,
 'train_time': 2.0508203333333337}
2023-11-30 19:31:30 - DEBUG - (3973824282:141): Metrics for:
(1, (25, 10, 5), 11, 0.0005, 512, 50)
{'f1': 0.18790520903196958,
 'loss': 0.8195915420850118,
 'mttd': 100631.66666666667,
 'precision': 0.36286630036630035,
 'recall': 0.14027186374058304,
 'train_time': 2.6285379999999994}
2023-11-30 19:31:39 - DEBUG - (3973824282:141): Metrics for:
(1, (25, 10, 5), 11, 0.001, 512, 50)
{'f1': 0.18790520903196958,
 'loss': 0.8134199877580007,
 'mttd': 100631.66666666667,
 'precision': 0.36286630036630035,
 'recall': 0.14027186374058304,
 'train_time': 2.6803806666666667}
2023-11-30 19:31:47 - DEBUG - (3973824282:141): Metrics for:
(1, (25, 10, 5), 11, 0.0015, 512, 50)
{'f1': 0.18790520903196958,
 'loss': 0.7720077733198801,
 'mttd': 100631.66666666667,
 'precision': 0.36286630036630035,
 'recall': 0.14027186374058304,
 'train_time': 2.759003}
2023-11-30 19:31:56 - DEBUG - (3973824282:141): Metrics for:
(1, (25, 10, 5), 11, 0.01, 512, 50)
{'f1': 0.18790520903196958,
 'loss': 0.7758028209209442,
 'mttd': 100631.66666666667,
 'precision': 0.36286630036630035,
 'recall': 0.14027186374058304,
 'train_time': 2.7120836666666666}
2023-11-30 19:32:04 - DEBUG - (3973824282:141): Metrics for:
(1, (25, 10, 5), 16, 0.0005, 512, 50)
{'f1': 0.13161068044788976,
 'loss': 0.6820398370424906,
 'mttd': 94176.66666666667,
 'precision': 0.24887800897592818,
 'recall': 0.09182225133748227,
 'train_time': 2.716613}
2023-11-30 19:32:13 - DEBUG - (3973824282:141): Metrics for:
(1, (25, 10, 5), 16, 0.001, 512, 50)
{'f1': 0.13161068044788976,
 'loss': 0.5786293546358744,
 'mttd': 94176.66666666667,
 'precision': 0.24887800897592818,
 'recall': 0.09182225133748227,
 'train_time': 2.7748260000000005}
2023-11-30 19:32:22 - DEBUG - (3973824282:141): Metrics for:
(1, (25, 10, 5), 16, 0.0015, 512, 50)
{'f1': 0.13161068044788976,
 'loss': 0.6705830295880636,
 'mttd': 94176.66666666667,
 'precision': 0.24887800897592818,
 'recall': 0.09182225133748227,
 'train_time': 2.7878179999999997}
2023-11-30 19:32:30 - DEBUG - (3973824282:141): Metrics for:
(1, (25, 10, 5), 16, 0.01, 512, 50)
{'f1': 0.13161068044788976,
 'loss': 0.5165460308392843,
 'mttd': 94176.66666666667,
 'precision': 0.24887800897592818,
 'recall': 0.09182225133748227,
 'train_time': 2.7516156666666665}
2023-11-30 19:32:37 - DEBUG - (3973824282:141): Metrics for:
(1, (20, 15, 10), 1, 0.0005, 512, 50)
{'f1': 0.3481037924151697,
 'loss': 0.7851699491341909,
 'mttd': 77718.0,
 'precision': 0.5864197530864197,
 'recall': 0.31081449939949773,
 'train_time': 2.1224626666666664}
2023-11-30 19:32:43 - DEBUG - (3973824282:141): Metrics for:
(1, (20, 15, 10), 1, 0.001, 512, 50)
{'f1': 0.3481037924151697,
 'loss': 0.7364289661248525,
 'mttd': 82453.66666666667,
 'precision': 0.5864197530864197,
 'recall': 0.31081449939949773,
 'train_time': 2.1723606666666666}
2023-11-30 19:32:50 - DEBUG - (3973824282:141): Metrics for:
(1, (20, 15, 10), 1, 0.0015, 512, 50)
{'f1': 0.3464285714285715,
 'loss': 0.7594178318977356,
 'mttd': 71744.0,
 'precision': 0.5828816621499548,
 'recall': 0.31081449939949773,
 'train_time': 2.1311576666666663}
2023-11-30 19:32:57 - DEBUG - (3973824282:141): Metrics for:
(1, (20, 15, 10), 1, 0.01, 512, 50)
{'f1': 0.3481037924151697,
 'loss': 0.749259740114212,
 'mttd': 77718.0,
 'precision': 0.5864197530864197,
 'recall': 0.31081449939949773,
 'train_time': 2.1274246666666667}
2023-11-30 19:33:03 - DEBUG - (3973824282:141): Metrics for:
(1, (20, 15, 10), 6, 0.0005, 512, 50)
{'f1': 0.2258758103367444,
 'loss': 0.6835935115814209,
 'mttd': 103385.33333333333,
 'precision': 0.5655430711610486,
 'recall': 0.15771372420569932,
 'train_time': 2.086893}
2023-11-30 19:33:10 - DEBUG - (3973824282:141): Metrics for:
(1, (20, 15, 10), 6, 0.001, 512, 50)
{'f1': 0.2258758103367444,
 'loss': 0.6500526269276937,
 'mttd': 103385.33333333333,
 'precision': 0.5655430711610486,
 'recall': 0.15771372420569932,
 'train_time': 2.043320666666667}
2023-11-30 19:33:16 - DEBUG - (3973824282:141): Metrics for:
(1, (20, 15, 10), 6, 0.0015, 512, 50)
{'f1': 0.22340591222004172,
 'loss': 0.6381780356168747,
 'mttd': 103385.33333333333,
 'precision': 0.47463398025195785,
 'recall': 0.15771372420569932,
 'train_time': 2.110548}
2023-11-30 19:33:23 - DEBUG - (3973824282:141): Metrics for:
(1, (20, 15, 10), 6, 0.01, 512, 50)
{'f1': 0.22340591222004172,
 'loss': 0.5242834190527598,
 'mttd': 102438.33333333333,
 'precision': 0.47463398025195785,
 'recall': 0.15771372420569932,
 'train_time': 2.0914653333333333}
2023-11-30 19:33:31 - DEBUG - (3973824282:141): Metrics for:
(1, (20, 15, 10), 11, 0.0005, 512, 50)
{'f1': 0.18790520903196958,
 'loss': 0.825164387623469,
 'mttd': 100631.66666666667,
 'precision': 0.36286630036630035,
 'recall': 0.14027186374058304,
 'train_time': 2.7441816666666665}
2023-11-30 19:33:40 - DEBUG - (3973824282:141): Metrics for:
(1, (20, 15, 10), 11, 0.001, 512, 50)
{'f1': 0.18790520903196958,
 'loss': 0.8157986005147299,
 'mttd': 100631.66666666667,
 'precision': 0.36286630036630035,
 'recall': 0.14027186374058304,
 'train_time': 2.7089203333333334}
2023-11-30 19:33:48 - DEBUG - (3973824282:141): Metrics for:
(1, (20, 15, 10), 11, 0.0015, 512, 50)
{'f1': 0.187468671679198,
 'loss': 0.6426725685596466,
 'mttd': 100631.66666666667,
 'precision': 0.3614703880190606,
 'recall': 0.14027186374058304,
 'train_time': 2.698249}
2023-11-30 19:33:57 - DEBUG - (3973824282:141): Metrics for:
(1, (20, 15, 10), 11, 0.01, 512, 50)
{'f1': 0.18790520903196958,
 'loss': 0.6210402548313141,
 'mttd': 100631.66666666667,
 'precision': 0.36286630036630035,
 'recall': 0.14027186374058304,
 'train_time': 2.709527}
2023-11-30 19:34:05 - DEBUG - (3973824282:141): Metrics for:
(1, (20, 15, 10), 16, 0.0005, 512, 50)
{'f1': 0.13161068044788976,
 'loss': 0.6864064931869507,
 'mttd': 94176.66666666667,
 'precision': 0.24887800897592818,
 'recall': 0.09182225133748227,
 'train_time': 2.7017856666666664}
2023-11-30 19:34:14 - DEBUG - (3973824282:141): Metrics for:
(1, (20, 15, 10), 16, 0.001, 512, 50)
{'f1': 0.13161068044788976,
 'loss': 0.673414925734202,
 'mttd': 94176.66666666667,
 'precision': 0.24887800897592818,
 'recall': 0.09182225133748227,
 'train_time': 2.7471273333333333}
2023-11-30 19:34:23 - DEBUG - (3973824282:141): Metrics for:
(1, (20, 15, 10), 16, 0.0015, 512, 50)
{'f1': 0.13161068044788976,
 'loss': 0.6724870403607687,
 'mttd': 94176.66666666667,
 'precision': 0.24887800897592818,
 'recall': 0.09182225133748227,
 'train_time': 2.7532609999999997}
2023-11-30 19:34:31 - DEBUG - (3973824282:141): Metrics for:
(1, (20, 15, 10), 16, 0.01, 512, 50)
{'f1': 0.13133133133133135,
 'loss': 0.4240128844976425,
 'mttd': 94176.66666666667,
 'precision': 0.2476305706795725,
 'recall': 0.09182225133748227,
 'train_time': 2.7201730000000004}
2023-11-30 19:34:38 - DEBUG - (3973824282:141): Metrics for:
(1, (15, 10, 5), 1, 0.0005, 512, 50)
{'f1': 0.3481037924151697,
 'loss': 0.8041613201300303,
 'mttd': 77718.0,
 'precision': 0.5864197530864197,
 'recall': 0.31081449939949773,
 'train_time': 2.1614436666666665}
2023-11-30 19:34:44 - DEBUG - (3973824282:141): Metrics for:
(1, (15, 10, 5), 1, 0.001, 512, 50)
{'f1': 0.3481037924151697,
 'loss': 0.7879918217658997,
 'mttd': 77718.0,
 'precision': 0.5864197530864197,
 'recall': 0.31081449939949773,
 'train_time': 2.0916176666666666}
2023-11-30 19:34:51 - DEBUG - (3973824282:141): Metrics for:
(1, (15, 10, 5), 1, 0.0015, 512, 50)
{'f1': 0.3464285714285715,
 'loss': 0.7458468675613403,
 'mttd': 77718.0,
 'precision': 0.5828816621499548,
 'recall': 0.31081449939949773,
 'train_time': 2.0790736666666665}
2023-11-30 19:34:57 - DEBUG - (3973824282:141): Metrics for:
(1, (15, 10, 5), 1, 0.01, 512, 50)
{'f1': 0.34477317554240633,
 'loss': 0.5572710831960043,
 'mttd': 77718.0,
 'precision': 0.5794288264167782,
 'recall': 0.31081449939949773,
 'train_time': 2.135790333333333}
2023-11-30 19:35:04 - DEBUG - (3973824282:141): Metrics for:
(1, (15, 10, 5), 6, 0.0005, 512, 50)
{'f1': 0.2258758103367444,
 'loss': 0.6894961247841517,
 'mttd': 103385.33333333333,
 'precision': 0.5655430711610486,
 'recall': 0.15771372420569932,
 'train_time': 2.0491586666666666}
2023-11-30 19:35:10 - DEBUG - (3973824282:141): Metrics for:
(1, (15, 10, 5), 6, 0.001, 512, 50)
{'f1': 0.2258758103367444,
 'loss': 0.6839292496442795,
 'mttd': 103385.33333333333,
 'precision': 0.5655430711610486,
 'recall': 0.15771372420569932,
 'train_time': 2.0927846666666663}
2023-11-30 19:35:17 - DEBUG - (3973824282:141): Metrics for:
(1, (15, 10, 5), 6, 0.0015, 512, 50)
{'f1': 0.2258758103367444,
 'loss': 0.6814324657122294,
 'mttd': 103385.33333333333,
 'precision': 0.5655430711610486,
 'recall': 0.15771372420569932,
 'train_time': 2.0472083333333333}
2023-11-30 19:35:23 - DEBUG - (3973824282:141): Metrics for:
(1, (15, 10, 5), 6, 0.01, 512, 50)
{'f1': 0.22340591222004172,
 'loss': 0.5288436760505041,
 'mttd': 103385.33333333333,
 'precision': 0.47463398025195785,
 'recall': 0.15771372420569932,
 'train_time': 2.060022}
2023-11-30 19:35:32 - DEBUG - (3973824282:141): Metrics for:
(1, (15, 10, 5), 11, 0.0005, 512, 50)
{'f1': 0.18790520903196958,
 'loss': 0.8270155986150106,
 'mttd': 100631.66666666667,
 'precision': 0.36286630036630035,
 'recall': 0.14027186374058304,
 'train_time': 2.7017830000000003}
2023-11-30 19:35:40 - DEBUG - (3973824282:141): Metrics for:
(1, (15, 10, 5), 11, 0.001, 512, 50)
{'f1': 0.18790520903196958,
 'loss': 0.8148666620254517,
 'mttd': 100631.66666666667,
 'precision': 0.36286630036630035,
 'recall': 0.14027186374058304,
 'train_time': 2.7105789999999996}
2023-11-30 19:35:49 - DEBUG - (3973824282:141): Metrics for:
(1, (15, 10, 5), 11, 0.0015, 512, 50)
{'f1': 0.18790520903196958,
 'loss': 0.7900767425696055,
 'mttd': 100631.66666666667,
 'precision': 0.36286630036630035,
 'recall': 0.14027186374058304,
 'train_time': 2.7370396666666665}
2023-11-30 19:35:57 - DEBUG - (3973824282:141): Metrics for:
(1, (15, 10, 5), 11, 0.01, 512, 50)
{'f1': 0.18703518703518704,
 'loss': 0.7488627632459005,
 'mttd': 100631.66666666667,
 'precision': 0.3600989653621232,
 'recall': 0.14027186374058304,
 'train_time': 2.7126780000000004}
2023-11-30 19:36:06 - DEBUG - (3973824282:141): Metrics for:
(1, (15, 10, 5), 16, 0.0005, 512, 50)
{'f1': 0.13161068044788976,
 'loss': 0.6927646597226461,
 'mttd': 94176.66666666667,
 'precision': 0.24887800897592818,
 'recall': 0.09182225133748227,
 'train_time': 2.7223590000000004}
2023-11-30 19:36:14 - DEBUG - (3973824282:141): Metrics for:
(1, (15, 10, 5), 16, 0.001, 512, 50)
{'f1': 0.13161068044788976,
 'loss': 0.6790904800097147,
 'mttd': 94176.66666666667,
 'precision': 0.24887800897592818,
 'recall': 0.09182225133748227,
 'train_time': 2.8221220000000002}
2023-11-30 19:36:23 - DEBUG - (3973824282:141): Metrics for:
(1, (15, 10, 5), 16, 0.0015, 512, 50)
{'f1': 0.13161068044788976,
 'loss': 0.607963631550471,
 'mttd': 94176.66666666667,
 'precision': 0.24887800897592818,
 'recall': 0.09182225133748227,
 'train_time': 2.7735819999999998}
2023-11-30 19:36:32 - DEBUG - (3973824282:141): Metrics for:
(1, (15, 10, 5), 16, 0.01, 512, 50)
{'f1': 0.13105413105413108,
 'loss': 0.5402750074863434,
 'mttd': 94176.66666666667,
 'precision': 0.2464114832535885,
 'recall': 0.09182225133748227,
 'train_time': 2.779436333333333}
2023-11-30 19:36:38 - DEBUG - (3973824282:141): Metrics for:
(6, (25, 10, 5), 1, 0.0005, 512, 50)
{'f1': 0.3481037924151697,
 'loss': 0.7877556184927622,
 'mttd': 77718.0,
 'precision': 0.5864197530864197,
 'recall': 0.31081449939949773,
 'train_time': 2.1718006666666665}
2023-11-30 19:36:45 - DEBUG - (3973824282:141): Metrics for:
(6, (25, 10, 5), 1, 0.001, 512, 50)
{'f1': 0.34477317554240633,
 'loss': 0.7209883133570353,
 'mttd': 71744.0,
 'precision': 0.5794288264167782,
 'recall': 0.31081449939949773,
 'train_time': 2.1344166666666666}
2023-11-30 19:36:52 - DEBUG - (3973824282:141): Metrics for:
(6, (25, 10, 5), 1, 0.0015, 512, 50)
{'f1': 0.34232649071358745,
 'loss': 0.7137197057406107,
 'mttd': 71744.0,
 'precision': 0.5744028051720359,
 'recall': 0.31081449939949773,
 'train_time': 2.150897666666667}
2023-11-30 19:36:58 - DEBUG - (3973824282:141): Metrics for:
(6, (25, 10, 5), 1, 0.01, 512, 50)
{'f1': 0.3472636815920398,
 'loss': 0.3844572032491366,
 'mttd': 82453.66666666667,
 'precision': 0.5846398545785049,
 'recall': 0.31081449939949773,
 'train_time': 2.10459}
2023-11-30 19:37:05 - DEBUG - (3973824282:141): Metrics for:
(6, (25, 10, 5), 6, 0.0005, 512, 50)
{'f1': 0.2258758103367444,
 'loss': 0.6819596836964289,
 'mttd': 103385.33333333333,
 'precision': 0.5655430711610486,
 'recall': 0.15771372420569932,
 'train_time': 2.060188333333333}
2023-11-30 19:37:11 - DEBUG - (3973824282:141): Metrics for:
(6, (25, 10, 5), 6, 0.001, 512, 50)
{'f1': 0.2258758103367444,
 'loss': 0.6618315478165945,
 'mttd': 103385.33333333333,
 'precision': 0.5655430711610486,
 'recall': 0.15771372420569932,
 'train_time': 2.104074}
2023-11-30 19:37:18 - DEBUG - (3973824282:141): Metrics for:
(6, (25, 10, 5), 6, 0.0015, 512, 50)
{'f1': 0.22340591222004172,
 'loss': 0.6535089214642843,
 'mttd': 103385.33333333333,
 'precision': 0.47463398025195785,
 'recall': 0.15771372420569932,
 'train_time': 2.061272666666667}
2023-11-30 19:37:24 - DEBUG - (3973824282:141): Metrics for:
(6, (25, 10, 5), 6, 0.01, 512, 50)
{'f1': 0.2442432372009837,
 'loss': 0.45190461973349255,
 'mttd': 97868.66666666667,
 'precision': 0.4342948717948718,
 'recall': 0.18678349164755978,
 'train_time': 2.0909873333333335}
2023-11-30 19:37:33 - DEBUG - (3973824282:141): Metrics for:
(6, (25, 10, 5), 11, 0.0005, 512, 50)
{'f1': 0.18790520903196958,
 'loss': 0.8200211326281229,
 'mttd': 100631.66666666667,
 'precision': 0.36286630036630035,
 'recall': 0.14027186374058304,
 'train_time': 2.6499826666666664}
2023-11-30 19:37:41 - DEBUG - (3973824282:141): Metrics for:
(6, (25, 10, 5), 11, 0.001, 512, 50)
{'f1': 0.18790520903196958,
 'loss': 0.8125338753064474,
 'mttd': 100631.66666666667,
 'precision': 0.36286630036630035,
 'recall': 0.14027186374058304,
 'train_time': 2.696203}
2023-11-30 19:37:50 - DEBUG - (3973824282:141): Metrics for:
(6, (25, 10, 5), 11, 0.0015, 512, 50)
{'f1': 0.18790520903196958,
 'loss': 0.6755550503730774,
 'mttd': 100631.66666666667,
 'precision': 0.36286630036630035,
 'recall': 0.14027186374058304,
 'train_time': 2.7838833333333333}
2023-11-30 19:37:58 - DEBUG - (3973824282:141): Metrics for:
(6, (25, 10, 5), 11, 0.01, 512, 50)
{'f1': 0.20360505784234598,
 'loss': 0.5106351375579834,
 'mttd': 103385.33333333333,
 'precision': 0.37314988534500726,
 'recall': 0.15771372420569932,
 'train_time': 2.7511360000000002}
2023-11-30 19:37:58 - INFO - (3973824282:152): 
New best AutoEncoder: {'f1': 0.20360505784234598,
 'loss': 0.5106351375579834,
 'mttd': 103385.33333333333,
 'precision': 0.37314988534500726,
 'recall': 0.15771372420569932,
 'train_time': 2.7511360000000002}
Configuration;
{'batch_size': 512,
 'hidden_size': 6,
 'layer_sizes': (25, 10, 5),
 'lr': 0.01,
 'num_epochs': 50,
 'sequence_len': 11}
2023-11-30 19:38:07 - DEBUG - (3973824282:141): Metrics for:
(6, (25, 10, 5), 16, 0.0005, 512, 50)
{'f1': 0.13161068044788976,
 'loss': 0.6797418793042501,
 'mttd': 94176.66666666667,
 'precision': 0.24887800897592818,
 'recall': 0.09182225133748227,
 'train_time': 2.679638333333333}
2023-11-30 19:38:15 - DEBUG - (3973824282:141): Metrics for:
(6, (25, 10, 5), 16, 0.001, 512, 50)
{'f1': 0.13161068044788976,
 'loss': 0.6530888179937998,
 'mttd': 94176.66666666667,
 'precision': 0.24887800897592818,
 'recall': 0.09182225133748227,
 'train_time': 2.7335206666666667}
2023-11-30 19:38:24 - DEBUG - (3973824282:141): Metrics for:
(6, (25, 10, 5), 16, 0.0015, 512, 50)
{'f1': 0.13365410318096768,
 'loss': 0.4844297468662262,
 'mttd': 94176.66666666667,
 'precision': 0.2751937984496124,
 'recall': 0.09182225133748227,
 'train_time': 2.741763666666667}
2023-11-30 19:38:32 - DEBUG - (3973824282:141): Metrics for:
(6, (25, 10, 5), 16, 0.01, 512, 50)
{'f1': 0.12634333239884124,
 'loss': 0.41904473304748535,
 'mttd': 91603.33333333333,
 'precision': 0.24782608695652175,
 'recall': 0.09182225133748227,
 'train_time': 2.738604666666667}
2023-11-30 19:38:39 - DEBUG - (3973824282:141): Metrics for:
(6, (20, 15, 10), 1, 0.0005, 512, 50)
{'f1': 0.3481037924151697,
 'loss': 0.7765160401662191,
 'mttd': 77718.0,
 'precision': 0.5864197530864197,
 'recall': 0.31081449939949773,
 'train_time': 2.115949}
2023-11-30 19:38:46 - DEBUG - (3973824282:141): Metrics for:
(6, (20, 15, 10), 1, 0.001, 512, 50)
{'f1': 0.34559841740850644,
 'loss': 0.7263533771038055,
 'mttd': 71744.0,
 'precision': 0.5811447811447811,
 'recall': 0.31081449939949773,
 'train_time': 2.1073666666666666}
2023-11-30 19:38:52 - DEBUG - (3973824282:141): Metrics for:
(6, (20, 15, 10), 1, 0.0015, 512, 50)
{'f1': 0.34477317554240633,
 'loss': 0.7245754301548004,
 'mttd': 71744.0,
 'precision': 0.5794288264167782,
 'recall': 0.31081449939949773,
 'train_time': 2.16508}
2023-11-30 19:38:59 - DEBUG - (3973824282:141): Metrics for:
(6, (20, 15, 10), 1, 0.01, 512, 50)
{'f1': 0.3481037924151697,
 'loss': 0.44328538576761883,
 'mttd': 82453.66666666667,
 'precision': 0.5864197530864197,
 'recall': 0.31081449939949773,
 'train_time': 2.1488946666666666}
2023-11-30 19:39:05 - DEBUG - (3973824282:141): Metrics for:
(6, (20, 15, 10), 6, 0.0005, 512, 50)
{'f1': 0.2258758103367444,
 'loss': 0.6852878630161285,
 'mttd': 103385.33333333333,
 'precision': 0.5655430711610486,
 'recall': 0.15771372420569932,
 'train_time': 2.0704146666666667}
2023-11-30 19:39:12 - DEBUG - (3973824282:141): Metrics for:
(6, (20, 15, 10), 6, 0.001, 512, 50)
{'f1': 0.2258758103367444,
 'loss': 0.6569429337978363,
 'mttd': 103385.33333333333,
 'precision': 0.5655430711610486,
 'recall': 0.15771372420569932,
 'train_time': 2.073171}
2023-11-30 19:39:18 - DEBUG - (3973824282:141): Metrics for:
(6, (20, 15, 10), 6, 0.0015, 512, 50)
{'f1': 0.22340591222004172,
 'loss': 0.6514292160669962,
 'mttd': 103385.33333333333,
 'precision': 0.47463398025195785,
 'recall': 0.15771372420569932,
 'train_time': 2.0384433333333334}
2023-11-30 19:39:25 - DEBUG - (3973824282:141): Metrics for:
(6, (20, 15, 10), 6, 0.01, 512, 50)
{'f1': 0.2503595433066244,
 'loss': 0.4291995515426,
 'mttd': 97868.66666666667,
 'precision': 0.48686868686868684,
 'recall': 0.18678349164755978,
 'train_time': 2.020496}
2023-11-30 19:39:33 - DEBUG - (3973824282:141): Metrics for:
(6, (20, 15, 10), 11, 0.0005, 512, 50)
{'f1': 0.18790520903196958,
 'loss': 0.815947691599528,
 'mttd': 100631.66666666667,
 'precision': 0.36286630036630035,
 'recall': 0.14027186374058304,
 'train_time': 2.6758176666666666}
2023-11-30 19:39:41 - DEBUG - (3973824282:141): Metrics for:
(6, (20, 15, 10), 11, 0.001, 512, 50)
{'f1': 0.18790520903196958,
 'loss': 0.7358551522095998,
 'mttd': 100631.66666666667,
 'precision': 0.36286630036630035,
 'recall': 0.14027186374058304,
 'train_time': 2.713457}
2023-11-30 19:39:50 - DEBUG - (3973824282:141): Metrics for:
(6, (20, 15, 10), 11, 0.0015, 512, 50)
{'f1': 0.18703518703518704,
 'loss': 0.6040614247322083,
 'mttd': 100631.66666666667,
 'precision': 0.3600989653621232,
 'recall': 0.14027186374058304,
 'train_time': 2.789834666666667}
2023-11-30 19:39:59 - DEBUG - (3973824282:141): Metrics for:
(6, (20, 15, 10), 11, 0.01, 512, 50)
{'f1': 0.2007190549563431,
 'loss': 0.3836052219072978,
 'mttd': 105120.33333333333,
 'precision': 0.32488442531484135,
 'recall': 0.15771372420569932,
 'train_time': 2.9012420000000003}
2023-11-30 19:39:59 - INFO - (3973824282:152): 
New best AutoEncoder: {'f1': 0.2007190549563431,
 'loss': 0.3836052219072978,
 'mttd': 105120.33333333333,
 'precision': 0.32488442531484135,
 'recall': 0.15771372420569932,
 'train_time': 2.9012420000000003}
Configuration;
{'batch_size': 512,
 'hidden_size': 6,
 'layer_sizes': (20, 15, 10),
 'lr': 0.01,
 'num_epochs': 50,
 'sequence_len': 11}
2023-11-30 19:40:08 - DEBUG - (3973824282:141): Metrics for:
(6, (20, 15, 10), 16, 0.0005, 512, 50)
{'f1': 0.13161068044788976,
 'loss': 0.6812529961268107,
 'mttd': 94176.66666666667,
 'precision': 0.24887800897592818,
 'recall': 0.09182225133748227,
 'train_time': 2.715578666666667}
2023-11-30 19:40:16 - DEBUG - (3973824282:141): Metrics for:
(6, (20, 15, 10), 16, 0.001, 512, 50)
{'f1': 0.13161068044788976,
 'loss': 0.5891178846359253,
 'mttd': 94176.66666666667,
 'precision': 0.24887800897592818,
 'recall': 0.09182225133748227,
 'train_time': 2.7755476666666667}
2023-11-30 19:40:25 - DEBUG - (3973824282:141): Metrics for:
(6, (20, 15, 10), 16, 0.0015, 512, 50)
{'f1': 0.13189220348753425,
 'loss': 0.5637864271799723,
 'mttd': 94176.66666666667,
 'precision': 0.2501547987616099,
 'recall': 0.09182225133748227,
 'train_time': 2.671739666666667}
2023-11-30 19:40:33 - DEBUG - (3973824282:141): Metrics for:
(6, (20, 15, 10), 16, 0.01, 512, 50)
{'f1': 0.13050607859768165,
 'loss': 0.39174391825993854,
 'mttd': 91603.33333333333,
 'precision': 0.24405458089668616,
 'recall': 0.09182225133748227,
 'train_time': 2.711771333333333}
2023-11-30 19:40:40 - DEBUG - (3973824282:141): Metrics for:
(6, (15, 10, 5), 1, 0.0005, 512, 50)
{'f1': 0.3481037924151697,
 'loss': 0.7886713246504465,
 'mttd': 77718.0,
 'precision': 0.5864197530864197,
 'recall': 0.31081449939949773,
 'train_time': 2.1473743333333335}
2023-11-30 19:40:47 - DEBUG - (3973824282:141): Metrics for:
(6, (15, 10, 5), 1, 0.001, 512, 50)
{'f1': 0.3481037924151697,
 'loss': 0.7855706314245859,
 'mttd': 77718.0,
 'precision': 0.5864197530864197,
 'recall': 0.31081449939949773,
 'train_time': 2.1369463333333334}
2023-11-30 19:40:53 - DEBUG - (3973824282:141): Metrics for:
(6, (15, 10, 5), 1, 0.0015, 512, 50)
{'f1': 0.34894894894894896,
 'loss': 0.7170863846937815,
 'mttd': 77718.0,
 'precision': 0.5882217621348056,
 'recall': 0.31081449939949773,
 'train_time': 2.0754946666666667}
2023-11-30 19:41:00 - DEBUG - (3973824282:141): Metrics for:
(6, (15, 10, 5), 1, 0.01, 512, 50)
{'f1': 0.32229038854805725,
 'loss': 0.5429631223281225,
 'mttd': 74133.0,
 'precision': 0.5668590668590668,
 'recall': 0.27980674746151324,
 'train_time': 2.1320816666666667}
2023-11-30 19:41:06 - DEBUG - (3973824282:141): Metrics for:
(6, (15, 10, 5), 6, 0.0005, 512, 50)
{'f1': 0.2258758103367444,
 'loss': 0.691131259004275,
 'mttd': 103385.33333333333,
 'precision': 0.5655430711610486,
 'recall': 0.15771372420569932,
 'train_time': 2.0297873333333336}
2023-11-30 19:41:13 - DEBUG - (3973824282:141): Metrics for:
(6, (15, 10, 5), 6, 0.001, 512, 50)
{'f1': 0.2258758103367444,
 'loss': 0.67380424340566,
 'mttd': 103385.33333333333,
 'precision': 0.5655430711610486,
 'recall': 0.15771372420569932,
 'train_time': 2.042040333333333}
2023-11-30 19:41:19 - DEBUG - (3973824282:141): Metrics for:
(6, (15, 10, 5), 6, 0.0015, 512, 50)
{'f1': 0.2258758103367444,
 'loss': 0.6652351866165797,
 'mttd': 103385.33333333333,
 'precision': 0.5655430711610486,
 'recall': 0.15771372420569932,
 'train_time': 2.033503666666667}
2023-11-30 19:41:26 - DEBUG - (3973824282:141): Metrics for:
(6, (15, 10, 5), 6, 0.01, 512, 50)
{'f1': 0.2477215519486156,
 'loss': 0.4667632132768631,
 'mttd': 103817.33333333333,
 'precision': 0.4778982485404504,
 'recall': 0.18678349164755978,
 'train_time': 2.053949333333333}
2023-11-30 19:41:34 - DEBUG - (3973824282:141): Metrics for:
(6, (15, 10, 5), 11, 0.0005, 512, 50)
{'f1': 0.18790520903196958,
 'loss': 0.8292198975880941,
 'mttd': 100631.66666666667,
 'precision': 0.36286630036630035,
 'recall': 0.14027186374058304,
 'train_time': 2.728828}
2023-11-30 19:41:43 - DEBUG - (3973824282:141): Metrics for:
(6, (15, 10, 5), 11, 0.001, 512, 50)
{'f1': 0.18790520903196958,
 'loss': 0.814604252576828,
 'mttd': 100631.66666666667,
 'precision': 0.36286630036630035,
 'recall': 0.14027186374058304,
 'train_time': 2.74239}
2023-11-30 19:41:51 - DEBUG - (3973824282:141): Metrics for:
(6, (15, 10, 5), 11, 0.0015, 512, 50)
{'f1': 0.18790520903196958,
 'loss': 0.8078163961569468,
 'mttd': 100631.66666666667,
 'precision': 0.36286630036630035,
 'recall': 0.14027186374058304,
 'train_time': 2.748639666666667}
2023-11-30 19:42:00 - DEBUG - (3973824282:141): Metrics for:
(6, (15, 10, 5), 11, 0.01, 512, 50)
{'f1': 0.18703518703518704,
 'loss': 0.5503549377123514,
 'mttd': 100631.66666666667,
 'precision': 0.3600989653621232,
 'recall': 0.14027186374058304,
 'train_time': 2.7858026666666666}
2023-11-30 19:42:08 - DEBUG - (3973824282:141): Metrics for:
(6, (15, 10, 5), 16, 0.0005, 512, 50)
{'f1': 0.13161068044788976,
 'loss': 0.6885681847731272,
 'mttd': 94176.66666666667,
 'precision': 0.24887800897592818,
 'recall': 0.09182225133748227,
 'train_time': 2.7400613333333332}
2023-11-30 19:42:17 - DEBUG - (3973824282:141): Metrics for:
(6, (15, 10, 5), 16, 0.001, 512, 50)
{'f1': 0.13161068044788976,
 'loss': 0.6797622839609782,
 'mttd': 94176.66666666667,
 'precision': 0.24887800897592818,
 'recall': 0.09182225133748227,
 'train_time': 2.6576493333333335}
2023-11-30 19:42:26 - DEBUG - (3973824282:141): Metrics for:
(6, (15, 10, 5), 16, 0.0015, 512, 50)
{'f1': 0.13133133133133135,
 'loss': 0.6419494152069092,
 'mttd': 94176.66666666667,
 'precision': 0.2476305706795725,
 'recall': 0.09182225133748227,
 'train_time': 2.770165}
2023-11-30 19:42:34 - DEBUG - (3973824282:141): Metrics for:
(6, (15, 10, 5), 16, 0.01, 512, 50)
{'f1': 0.13105413105413108,
 'loss': 0.39527250329653424,
 'mttd': 94176.66666666667,
 'precision': 0.2464114832535885,
 'recall': 0.09182225133748227,
 'train_time': 2.6737333333333333}
2023-11-30 19:42:41 - DEBUG - (3973824282:141): Metrics for:
(11, (25, 10, 5), 1, 0.0005, 512, 50)
{'f1': 0.3481037924151697,
 'loss': 0.7853852609793345,
 'mttd': 77718.0,
 'precision': 0.5864197530864197,
 'recall': 0.31081449939949773,
 'train_time': 2.13486}
2023-11-30 19:42:47 - DEBUG - (3973824282:141): Metrics for:
(11, (25, 10, 5), 1, 0.001, 512, 50)
{'f1': 0.3464285714285715,
 'loss': 0.7338191469510397,
 'mttd': 77718.0,
 'precision': 0.5828816621499548,
 'recall': 0.31081449939949773,
 'train_time': 2.176787666666667}
2023-11-30 19:42:54 - DEBUG - (3973824282:141): Metrics for:
(11, (25, 10, 5), 1, 0.0015, 512, 50)
{'f1': 0.3481037924151697,
 'loss': 0.6723972211281458,
 'mttd': 77718.0,
 'precision': 0.5864197530864197,
 'recall': 0.31081449939949773,
 'train_time': 2.073960666666667}
2023-11-30 19:43:01 - DEBUG - (3973824282:141): Metrics for:
(11, (25, 10, 5), 1, 0.01, 512, 50)
{'f1': 0.34477317554240633,
 'loss': 0.49840770413478214,
 'mttd': 82453.66666666667,
 'precision': 0.5794288264167782,
 'recall': 0.31081449939949773,
 'train_time': 2.1017196666666664}
2023-11-30 19:43:07 - DEBUG - (3973824282:141): Metrics for:
(11, (25, 10, 5), 6, 0.0005, 512, 50)
{'f1': 0.2258758103367444,
 'loss': 0.6820994218190511,
 'mttd': 103385.33333333333,
 'precision': 0.5655430711610486,
 'recall': 0.15771372420569932,
 'train_time': 2.0519216666666664}
2023-11-30 19:43:13 - DEBUG - (3973824282:141): Metrics for:
(11, (25, 10, 5), 6, 0.001, 512, 50)
{'f1': 0.2258758103367444,
 'loss': 0.6568856239318848,
 'mttd': 102438.33333333333,
 'precision': 0.5655430711610486,
 'recall': 0.15771372420569932,
 'train_time': 2.079273666666667}
2023-11-30 19:43:20 - DEBUG - (3973824282:141): Metrics for:
(11, (25, 10, 5), 6, 0.0015, 512, 50)
{'f1': 0.2258758103367444,
 'loss': 0.6514450510342916,
 'mttd': 103385.33333333333,
 'precision': 0.5655430711610486,
 'recall': 0.15771372420569932,
 'train_time': 2.07824}
2023-11-30 19:43:26 - DEBUG - (3973824282:141): Metrics for:
(11, (25, 10, 5), 6, 0.01, 512, 50)
{'f1': 0.2517073170731708,
 'loss': 0.5275174727042516,
 'mttd': 100843.0,
 'precision': 0.4916151809355693,
 'recall': 0.18678349164755978,
 'train_time': 2.089394}
2023-11-30 19:43:35 - DEBUG - (3973824282:141): Metrics for:
(11, (25, 10, 5), 11, 0.0005, 512, 50)
{'f1': 0.18790520903196958,
 'loss': 0.8162925044695536,
 'mttd': 100631.66666666667,
 'precision': 0.36286630036630035,
 'recall': 0.14027186374058304,
 'train_time': 2.705338}
2023-11-30 19:43:43 - DEBUG - (3973824282:141): Metrics for:
(11, (25, 10, 5), 11, 0.001, 512, 50)
{'f1': 0.187468671679198,
 'loss': 0.803980420033137,
 'mttd': 100631.66666666667,
 'precision': 0.3614703880190606,
 'recall': 0.14027186374058304,
 'train_time': 2.702101666666667}
2023-11-30 19:43:52 - DEBUG - (3973824282:141): Metrics for:
(11, (25, 10, 5), 11, 0.0015, 512, 50)
{'f1': 0.1859921120631035,
 'loss': 0.6902030110359192,
 'mttd': 100631.66666666667,
 'precision': 0.3341199606686332,
 'recall': 0.14027186374058304,
 'train_time': 2.7906573333333333}
2023-11-30 19:44:01 - DEBUG - (3973824282:141): Metrics for:
(11, (25, 10, 5), 11, 0.01, 512, 50)
{'f1': 0.20360505784234598,
 'loss': 0.44616277019182843,
 'mttd': 103385.33333333333,
 'precision': 0.37314988534500726,
 'recall': 0.15771372420569932,
 'train_time': 2.7409890000000003}
2023-11-30 19:44:09 - DEBUG - (3973824282:141): Metrics for:
(11, (25, 10, 5), 16, 0.0005, 512, 50)
{'f1': 0.13161068044788976,
 'loss': 0.6812257667382559,
 'mttd': 94176.66666666667,
 'precision': 0.24887800897592818,
 'recall': 0.09182225133748227,
 'train_time': 2.6966726666666667}
2023-11-30 19:44:18 - DEBUG - (3973824282:141): Metrics for:
(11, (25, 10, 5), 16, 0.001, 512, 50)
{'f1': 0.13161068044788976,
 'loss': 0.6579304039478302,
 'mttd': 94176.66666666667,
 'precision': 0.24887800897592818,
 'recall': 0.09182225133748227,
 'train_time': 2.8073}
2023-11-30 19:44:26 - DEBUG - (3973824282:141): Metrics for:
(11, (25, 10, 5), 16, 0.0015, 512, 50)
{'f1': 0.13161068044788976,
 'loss': 0.6486113965511322,
 'mttd': 94176.66666666667,
 'precision': 0.24887800897592818,
 'recall': 0.09182225133748227,
 'train_time': 2.717769333333333}
2023-11-30 19:44:35 - DEBUG - (3973824282:141): Metrics for:
(11, (25, 10, 5), 16, 0.01, 512, 50)
{'f1': 0.14535197449104734,
 'loss': 0.40500648816426593,
 'mttd': 95164.0,
 'precision': 0.24035087719298245,
 'recall': 0.1131400807948466,
 'train_time': 2.7710690000000002}
2023-11-30 19:44:42 - DEBUG - (3973824282:141): Metrics for:
(11, (20, 15, 10), 1, 0.0005, 512, 50)
{'f1': 0.3481037924151697,
 'loss': 0.7787822186946869,
 'mttd': 77718.0,
 'precision': 0.5864197530864197,
 'recall': 0.31081449939949773,
 'train_time': 2.1186803333333333}
2023-11-30 19:44:48 - DEBUG - (3973824282:141): Metrics for:
(11, (20, 15, 10), 1, 0.001, 512, 50)
{'f1': 0.3481037924151697,
 'loss': 0.7338700691858927,
 'mttd': 77718.0,
 'precision': 0.5864197530864197,
 'recall': 0.31081449939949773,
 'train_time': 2.1230543333333336}
2023-11-30 19:44:55 - DEBUG - (3973824282:141): Metrics for:
(11, (20, 15, 10), 1, 0.0015, 512, 50)
{'f1': 0.3464285714285715,
 'loss': 0.6295152803262075,
 'mttd': 71744.0,
 'precision': 0.5828816621499548,
 'recall': 0.31081449939949773,
 'train_time': 2.1333493333333333}
2023-11-30 19:45:02 - DEBUG - (3973824282:141): Metrics for:
(11, (20, 15, 10), 1, 0.01, 512, 50)
{'f1': 0.32708333333333334,
 'loss': 0.2861671807865302,
 'mttd': 85816.0,
 'precision': 0.5778278278278278,
 'recall': 0.27980674746151324,
 'train_time': 2.0697993333333335}
2023-11-30 19:45:08 - DEBUG - (3973824282:141): Metrics for:
(11, (20, 15, 10), 6, 0.0005, 512, 50)
{'f1': 0.2258758103367444,
 'loss': 0.6813703427712122,
 'mttd': 103385.33333333333,
 'precision': 0.5655430711610486,
 'recall': 0.15771372420569932,
 'train_time': 2.0365846666666667}
2023-11-30 19:45:14 - DEBUG - (3973824282:141): Metrics for:
(11, (20, 15, 10), 6, 0.001, 512, 50)
{'f1': 0.2258758103367444,
 'loss': 0.6651610881090164,
 'mttd': 103385.33333333333,
 'precision': 0.5655430711610486,
 'recall': 0.15771372420569932,
 'train_time': 2.075107333333333}
2023-11-30 19:45:21 - DEBUG - (3973824282:141): Metrics for:
(11, (20, 15, 10), 6, 0.0015, 512, 50)
{'f1': 0.22340591222004172,
 'loss': 0.591512123743693,
 'mttd': 102438.33333333333,
 'precision': 0.47463398025195785,
 'recall': 0.15771372420569932,
 'train_time': 2.0619886666666667}
2023-11-30 19:45:27 - DEBUG - (3973824282:141): Metrics for:
(11, (20, 15, 10), 6, 0.01, 512, 50)
{'f1': 0.24452782989368357,
 'loss': 0.3919533019264539,
 'mttd': 97868.66666666667,
 'precision': 0.46757044125465175,
 'recall': 0.18678349164755978,
 'train_time': 2.0661793333333334}
2023-11-30 19:45:36 - DEBUG - (3973824282:141): Metrics for:
(11, (20, 15, 10), 11, 0.0005, 512, 50)
{'f1': 0.18790520903196958,
 'loss': 0.8180284301439921,
 'mttd': 100631.66666666667,
 'precision': 0.36286630036630035,
 'recall': 0.14027186374058304,
 'train_time': 2.699386333333333}
2023-11-30 19:45:44 - DEBUG - (3973824282:141): Metrics for:
(11, (20, 15, 10), 11, 0.001, 512, 50)
{'f1': 0.18790520903196958,
 'loss': 0.8069805999596914,
 'mttd': 100631.66666666667,
 'precision': 0.36286630036630035,
 'recall': 0.14027186374058304,
 'train_time': 2.6679930000000005}
2023-11-30 19:45:53 - DEBUG - (3973824282:141): Metrics for:
(11, (20, 15, 10), 11, 0.0015, 512, 50)
{'f1': 0.18703518703518704,
 'loss': 0.5804394582907358,
 'mttd': 100631.66666666667,
 'precision': 0.3600989653621232,
 'recall': 0.14027186374058304,
 'train_time': 2.761219666666667}
2023-11-30 19:46:02 - DEBUG - (3973824282:141): Metrics for:
(11, (20, 15, 10), 11, 0.01, 512, 50)
{'f1': 0.20212849822625145,
 'loss': 0.34676999350388843,
 'mttd': 103385.33333333333,
 'precision': 0.34579945799457995,
 'recall': 0.15771372420569932,
 'train_time': 2.8152596666666665}
2023-11-30 19:46:10 - DEBUG - (3973824282:141): Metrics for:
(11, (20, 15, 10), 16, 0.0005, 512, 50)
{'f1': 0.13161068044788976,
 'loss': 0.6780626078446707,
 'mttd': 94176.66666666667,
 'precision': 0.24887800897592818,
 'recall': 0.09182225133748227,
 'train_time': 2.7214763333333334}
2023-11-30 19:46:19 - DEBUG - (3973824282:141): Metrics for:
(11, (20, 15, 10), 16, 0.001, 512, 50)
{'f1': 0.13161068044788976,
 'loss': 0.6347585419813792,
 'mttd': 94176.66666666667,
 'precision': 0.24887800897592818,
 'recall': 0.09182225133748227,
 'train_time': 2.7854843333333332}
2023-11-30 19:46:27 - DEBUG - (3973824282:141): Metrics for:
(11, (20, 15, 10), 16, 0.0015, 512, 50)
{'f1': 0.13133133133133135,
 'loss': 0.49975942571957904,
 'mttd': 94176.66666666667,
 'precision': 0.2476305706795725,
 'recall': 0.09182225133748227,
 'train_time': 2.759672333333333}
2023-11-30 19:46:36 - DEBUG - (3973824282:141): Metrics for:
(11, (20, 15, 10), 16, 0.01, 512, 50)
{'f1': 0.16933194877120114,
 'loss': 0.3387145350376765,
 'mttd': 100631.66666666667,
 'precision': 0.25891910985517486,
 'recall': 0.14027186374058304,
 'train_time': 2.771171666666666}
2023-11-30 19:46:43 - DEBUG - (3973824282:141): Metrics for:
(11, (15, 10, 5), 1, 0.0005, 512, 50)
{'f1': 0.3481037924151697,
 'loss': 0.7945501804351807,
 'mttd': 77718.0,
 'precision': 0.5864197530864197,
 'recall': 0.31081449939949773,
 'train_time': 2.141816}
2023-11-30 19:46:49 - DEBUG - (3973824282:141): Metrics for:
(11, (15, 10, 5), 1, 0.001, 512, 50)
{'f1': 0.3481037924151697,
 'loss': 0.7702352205912272,
 'mttd': 77718.0,
 'precision': 0.5864197530864197,
 'recall': 0.31081449939949773,
 'train_time': 2.150036}
2023-11-30 19:46:56 - DEBUG - (3973824282:141): Metrics for:
(11, (15, 10, 5), 1, 0.0015, 512, 50)
{'f1': 0.3481037924151697,
 'loss': 0.7158945401509603,
 'mttd': 77718.0,
 'precision': 0.5864197530864197,
 'recall': 0.31081449939949773,
 'train_time': 2.1659576666666664}
2023-11-30 19:47:03 - DEBUG - (3973824282:141): Metrics for:
(11, (15, 10, 5), 1, 0.01, 512, 50)
{'f1': 0.3407191448007774,
 'loss': 0.3716825967033704,
 'mttd': 77718.0,
 'precision': 0.5711500974658869,
 'recall': 0.31081449939949773,
 'train_time': 2.1167866666666666}
2023-11-30 19:47:09 - DEBUG - (3973824282:141): Metrics for:
(11, (15, 10, 5), 6, 0.0005, 512, 50)
{'f1': 0.2258758103367444,
 'loss': 0.6847942471504211,
 'mttd': 103385.33333333333,
 'precision': 0.5655430711610486,
 'recall': 0.15771372420569932,
 'train_time': 2.086232666666667}
2023-11-30 19:47:16 - DEBUG - (3973824282:141): Metrics for:
(11, (15, 10, 5), 6, 0.001, 512, 50)
{'f1': 0.2258758103367444,
 'loss': 0.6765409857034683,
 'mttd': 103385.33333333333,
 'precision': 0.5655430711610486,
 'recall': 0.15771372420569932,
 'train_time': 2.0613956666666664}
2023-11-30 19:47:22 - DEBUG - (3973824282:141): Metrics for:
(11, (15, 10, 5), 6, 0.0015, 512, 50)
{'f1': 0.2258758103367444,
 'loss': 0.6577790131171545,
 'mttd': 103385.33333333333,
 'precision': 0.5655430711610486,
 'recall': 0.15771372420569932,
 'train_time': 2.08099}
2023-11-30 19:47:29 - DEBUG - (3973824282:141): Metrics for:
(11, (15, 10, 5), 6, 0.01, 512, 50)
{'f1': 0.24969292858396216,
 'loss': 0.44710126022497815,
 'mttd': 100843.0,
 'precision': 0.48456260720411665,
 'recall': 0.18678349164755978,
 'train_time': 2.0158229999999997}
2023-11-30 19:47:37 - DEBUG - (3973824282:141): Metrics for:
(11, (15, 10, 5), 11, 0.0005, 512, 50)
{'f1': 0.18790520903196958,
 'loss': 0.827877918879191,
 'mttd': 100631.66666666667,
 'precision': 0.36286630036630035,
 'recall': 0.14027186374058304,
 'train_time': 2.7155326666666664}
2023-11-30 19:47:46 - DEBUG - (3973824282:141): Metrics for:
(11, (15, 10, 5), 11, 0.001, 512, 50)
{'f1': 0.18790520903196958,
 'loss': 0.750926653544108,
 'mttd': 100631.66666666667,
 'precision': 0.36286630036630035,
 'recall': 0.14027186374058304,
 'train_time': 2.7755916666666667}
2023-11-30 19:47:55 - DEBUG - (3973824282:141): Metrics for:
(11, (15, 10, 5), 11, 0.0015, 512, 50)
{'f1': 0.18790520903196958,
 'loss': 0.6746664941310883,
 'mttd': 100631.66666666667,
 'precision': 0.36286630036630035,
 'recall': 0.14027186374058304,
 'train_time': 2.799877}
2023-11-30 19:48:03 - DEBUG - (3973824282:141): Metrics for:
(11, (15, 10, 5), 11, 0.01, 512, 50)
{'f1': 0.1867217062263502,
 'loss': 0.4355900436639786,
 'mttd': 100631.66666666667,
 'precision': 0.34681837336704596,
 'recall': 0.14027186374058304,
 'train_time': 2.779239333333333}
2023-11-30 19:48:12 - DEBUG - (3973824282:141): Metrics for:
(11, (15, 10, 5), 16, 0.0005, 512, 50)
{'f1': 0.13161068044788976,
 'loss': 0.6922768751780192,
 'mttd': 94176.66666666667,
 'precision': 0.24887800897592818,
 'recall': 0.09182225133748227,
 'train_time': 2.8223846666666663}
2023-11-30 19:48:20 - DEBUG - (3973824282:141): Metrics for:
(11, (15, 10, 5), 16, 0.001, 512, 50)
{'f1': 0.13161068044788976,
 'loss': 0.6798918048540751,
 'mttd': 94176.66666666667,
 'precision': 0.24887800897592818,
 'recall': 0.09182225133748227,
 'train_time': 2.7144286666666666}
2023-11-30 19:48:29 - DEBUG - (3973824282:141): Metrics for:
(11, (15, 10, 5), 16, 0.0015, 512, 50)
{'f1': 0.13161068044788976,
 'loss': 0.6471828520298004,
 'mttd': 94176.66666666667,
 'precision': 0.24887800897592818,
 'recall': 0.09182225133748227,
 'train_time': 2.7618530000000003}
2023-11-30 19:48:38 - DEBUG - (3973824282:141): Metrics for:
(11, (15, 10, 5), 16, 0.01, 512, 50)
{'f1': 0.13161068044788976,
 'loss': 0.4701034526030223,
 'mttd': 94176.66666666667,
 'precision': 0.24887800897592818,
 'recall': 0.09182225133748227,
 'train_time': 2.734401}
2023-11-30 19:48:44 - DEBUG - (3973824282:141): Metrics for:
(16, (25, 10, 5), 1, 0.0005, 512, 50)
{'f1': 0.3472636815920398,
 'loss': 0.76546178261439,
 'mttd': 77718.0,
 'precision': 0.5846398545785049,
 'recall': 0.31081449939949773,
 'train_time': 2.1480346666666668}
2023-11-30 19:48:51 - DEBUG - (3973824282:141): Metrics for:
(16, (25, 10, 5), 1, 0.001, 512, 50)
{'f1': 0.3481037924151697,
 'loss': 0.7269166062275568,
 'mttd': 77718.0,
 'precision': 0.5864197530864197,
 'recall': 0.31081449939949773,
 'train_time': 2.196158666666667}
2023-11-30 19:48:58 - DEBUG - (3973824282:141): Metrics for:
(16, (25, 10, 5), 1, 0.0015, 512, 50)
{'f1': 0.34477317554240633,
 'loss': 0.6480763504902521,
 'mttd': 82453.66666666667,
 'precision': 0.5794288264167782,
 'recall': 0.31081449939949773,
 'train_time': 2.1519366666666664}
2023-11-30 19:49:05 - DEBUG - (3973824282:141): Metrics for:
(16, (25, 10, 5), 1, 0.01, 512, 50)
{'f1': 0.3287211740041928,
 'loss': 0.2733844468990962,
 'mttd': 85816.0,
 'precision': 0.5816844241501776,
 'recall': 0.27980674746151324,
 'train_time': 2.0987073333333335}
2023-11-30 19:49:11 - DEBUG - (3973824282:141): Metrics for:
(16, (25, 10, 5), 6, 0.0005, 512, 50)
{'f1': 0.2258758103367444,
 'loss': 0.6829125434160233,
 'mttd': 103385.33333333333,
 'precision': 0.5655430711610486,
 'recall': 0.15771372420569932,
 'train_time': 2.0283616666666666}
2023-11-30 19:49:17 - DEBUG - (3973824282:141): Metrics for:
(16, (25, 10, 5), 6, 0.001, 512, 50)
{'f1': 0.2258758103367444,
 'loss': 0.6614575882752737,
 'mttd': 103385.33333333333,
 'precision': 0.5655430711610486,
 'recall': 0.15771372420569932,
 'train_time': 2.046826333333333}
2023-11-30 19:49:24 - DEBUG - (3973824282:141): Metrics for:
(16, (25, 10, 5), 6, 0.0015, 512, 50)
{'f1': 0.2510309885707553,
 'loss': 0.6237933884064356,
 'mttd': 100843.0,
 'precision': 0.48921911421911424,
 'recall': 0.18678349164755978,
 'train_time': 2.029965}
2023-11-30 19:49:30 - DEBUG - (3973824282:141): Metrics for:
(16, (25, 10, 5), 6, 0.01, 512, 50)
{'f1': 0.2510309885707553,
 'loss': 0.4465198169151942,
 'mttd': 101952.33333333333,
 'precision': 0.48921911421911424,
 'recall': 0.18678349164755978,
 'train_time': 2.0524946666666666}
2023-11-30 19:49:38 - DEBUG - (3973824282:141): Metrics for:
(16, (25, 10, 5), 11, 0.0005, 512, 50)
{'f1': 0.18790520903196958,
 'loss': 0.8154408633708954,
 'mttd': 100631.66666666667,
 'precision': 0.36286630036630035,
 'recall': 0.14027186374058304,
 'train_time': 2.6578243333333336}
2023-11-30 19:49:47 - DEBUG - (3973824282:141): Metrics for:
(16, (25, 10, 5), 11, 0.001, 512, 50)
{'f1': 0.18703518703518704,
 'loss': 0.748443216085434,
 'mttd': 100631.66666666667,
 'precision': 0.3600989653621232,
 'recall': 0.14027186374058304,
 'train_time': 2.7031949999999996}
2023-11-30 19:49:55 - DEBUG - (3973824282:141): Metrics for:
(16, (25, 10, 5), 11, 0.0015, 512, 50)
{'f1': 0.18703518703518704,
 'loss': 0.6379398802916209,
 'mttd': 100631.66666666667,
 'precision': 0.3600989653621232,
 'recall': 0.14027186374058304,
 'train_time': 2.754853}
2023-11-30 19:50:04 - DEBUG - (3973824282:141): Metrics for:
(16, (25, 10, 5), 11, 0.01, 512, 50)
{'f1': 0.18555862741909254,
 'loss': 0.43194980422655743,
 'mttd': 100631.66666666667,
 'precision': 0.3327485380116959,
 'recall': 0.14027186374058304,
 'train_time': 2.807055}
2023-11-30 19:50:13 - DEBUG - (3973824282:141): Metrics for:
(16, (25, 10, 5), 16, 0.0005, 512, 50)
{'f1': 0.13161068044788976,
 'loss': 0.6810510257879893,
 'mttd': 94176.66666666667,
 'precision': 0.24887800897592818,
 'recall': 0.09182225133748227,
 'train_time': 2.737600333333333}
2023-11-30 19:50:22 - DEBUG - (3973824282:141): Metrics for:
(16, (25, 10, 5), 16, 0.001, 512, 50)
{'f1': 0.13161068044788976,
 'loss': 0.6158957084019979,
 'mttd': 94176.66666666667,
 'precision': 0.24887800897592818,
 'recall': 0.09182225133748227,
 'train_time': 2.7955546666666664}
2023-11-30 19:50:30 - DEBUG - (3973824282:141): Metrics for:
(16, (25, 10, 5), 16, 0.0015, 512, 50)
{'f1': 0.13161068044788976,
 'loss': 0.5831353068351746,
 'mttd': 94176.66666666667,
 'precision': 0.24887800897592818,
 'recall': 0.09182225133748227,
 'train_time': 2.733306333333333}
2023-11-30 19:50:39 - DEBUG - (3973824282:141): Metrics for:
(16, (25, 10, 5), 16, 0.01, 512, 50)
{'f1': 0.12407407407407407,
 'loss': 0.36113502085208893,
 'mttd': 91603.33333333333,
 'precision': 0.220810647307925,
 'recall': 0.09182225133748227,
 'train_time': 2.7295363333333333}
2023-11-30 19:50:46 - DEBUG - (3973824282:141): Metrics for:
(16, (20, 15, 10), 1, 0.0005, 512, 50)
{'f1': 0.3481037924151697,
 'loss': 0.7861086229483286,
 'mttd': 77718.0,
 'precision': 0.5864197530864197,
 'recall': 0.31081449939949773,
 'train_time': 2.2002553333333332}
2023-11-30 19:50:52 - DEBUG - (3973824282:141): Metrics for:
(16, (20, 15, 10), 1, 0.001, 512, 50)
{'f1': 0.34894894894894896,
 'loss': 0.6857971052328745,
 'mttd': 77718.0,
 'precision': 0.5882217621348056,
 'recall': 0.31081449939949773,
 'train_time': 2.196460333333333}
2023-11-30 19:50:59 - DEBUG - (3973824282:141): Metrics for:
(16, (20, 15, 10), 1, 0.0015, 512, 50)
{'f1': 0.34559841740850644,
 'loss': 0.6588254372278849,
 'mttd': 82453.66666666667,
 'precision': 0.5811447811447811,
 'recall': 0.31081449939949773,
 'train_time': 2.1189406666666666}
2023-11-30 19:51:06 - DEBUG - (3973824282:141): Metrics for:
(16, (20, 15, 10), 1, 0.01, 512, 50)
{'f1': 0.3238683127572017,
 'loss': 0.22490695491433144,
 'mttd': 80650.33333333333,
 'precision': 0.57041910331384,
 'recall': 0.27980674746151324,
 'train_time': 2.155083}
2023-11-30 19:51:12 - DEBUG - (3973824282:141): Metrics for:
(16, (20, 15, 10), 6, 0.0005, 512, 50)
{'f1': 0.2258758103367444,
 'loss': 0.6812950819730759,
 'mttd': 103385.33333333333,
 'precision': 0.5655430711610486,
 'recall': 0.15771372420569932,
 'train_time': 2.1456146666666664}
2023-11-30 19:51:19 - DEBUG - (3973824282:141): Metrics for:
(16, (20, 15, 10), 6, 0.001, 512, 50)
{'f1': 0.2258758103367444,
 'loss': 0.6529727528492609,
 'mttd': 102438.33333333333,
 'precision': 0.5655430711610486,
 'recall': 0.15771372420569932,
 'train_time': 2.128843333333333}
2023-11-30 19:51:26 - DEBUG - (3973824282:141): Metrics for:
(16, (20, 15, 10), 6, 0.0015, 512, 50)
{'f1': 0.22340591222004172,
 'loss': 0.6047162661949793,
 'mttd': 102438.33333333333,
 'precision': 0.47463398025195785,
 'recall': 0.15771372420569932,
 'train_time': 2.112579333333333}
2023-11-30 19:51:32 - DEBUG - (3973824282:141): Metrics for:
(16, (20, 15, 10), 6, 0.01, 512, 50)
{'f1': 0.24643052084231096,
 'loss': 0.34195927778879803,
 'mttd': 97868.66666666667,
 'precision': 0.47365547365547367,
 'recall': 0.18678349164755978,
 'train_time': 2.1319863333333333}
2023-11-30 19:51:41 - DEBUG - (3973824282:141): Metrics for:
(16, (20, 15, 10), 11, 0.0005, 512, 50)
{'f1': 0.18790520903196958,
 'loss': 0.8215502997239431,
 'mttd': 100631.66666666667,
 'precision': 0.36286630036630035,
 'recall': 0.14027186374058304,
 'train_time': 2.808941666666667}
2023-11-30 19:51:50 - DEBUG - (3973824282:141): Metrics for:
(16, (20, 15, 10), 11, 0.001, 512, 50)
{'f1': 0.18790520903196958,
 'loss': 0.7252143323421478,
 'mttd': 100631.66666666667,
 'precision': 0.36286630036630035,
 'recall': 0.14027186374058304,
 'train_time': 2.836062333333333}
2023-11-30 19:51:59 - DEBUG - (3973824282:141): Metrics for:
(16, (20, 15, 10), 11, 0.0015, 512, 50)
{'f1': 0.18790520903196958,
 'loss': 0.6376872360706329,
 'mttd': 100631.66666666667,
 'precision': 0.36286630036630035,
 'recall': 0.14027186374058304,
 'train_time': 2.815633333333333}
2023-11-30 19:52:07 - DEBUG - (3973824282:141): Metrics for:
(16, (20, 15, 10), 11, 0.01, 512, 50)
{'f1': 0.20165514351560865,
 'loss': 0.3617028345664342,
 'mttd': 103385.33333333333,
 'precision': 0.3444444444444444,
 'recall': 0.15771372420569932,
 'train_time': 2.7698533333333333}
2023-11-30 19:52:16 - DEBUG - (3973824282:141): Metrics for:
(16, (20, 15, 10), 16, 0.0005, 512, 50)
{'f1': 0.13161068044788976,
 'loss': 0.6804416676362356,
 'mttd': 94176.66666666667,
 'precision': 0.24887800897592818,
 'recall': 0.09182225133748227,
 'train_time': 2.803138}
2023-11-30 19:52:25 - DEBUG - (3973824282:141): Metrics for:
(16, (20, 15, 10), 16, 0.001, 512, 50)
{'f1': 0.13161068044788976,
 'loss': 0.6292626758416494,
 'mttd': 94176.66666666667,
 'precision': 0.24887800897592818,
 'recall': 0.09182225133748227,
 'train_time': 2.7572993333333335}
2023-11-30 19:52:34 - DEBUG - (3973824282:141): Metrics for:
(16, (20, 15, 10), 16, 0.0015, 512, 50)
{'f1': 0.13133133133133135,
 'loss': 0.5273182888825735,
 'mttd': 94176.66666666667,
 'precision': 0.2476305706795725,
 'recall': 0.09182225133748227,
 'train_time': 2.7936293333333335}
2023-11-30 19:52:42 - DEBUG - (3973824282:141): Metrics for:
(16, (20, 15, 10), 16, 0.01, 512, 50)
{'f1': 0.1291718684977112,
 'loss': 0.35779252151648205,
 'mttd': 91603.33333333333,
 'precision': 0.23859649122807017,
 'recall': 0.09182225133748227,
 'train_time': 2.800732}
2023-11-30 19:52:49 - DEBUG - (3973824282:141): Metrics for:
(16, (15, 10, 5), 1, 0.0005, 512, 50)
{'f1': 0.3481037924151697,
 'loss': 0.7903001407782236,
 'mttd': 77718.0,
 'precision': 0.5864197530864197,
 'recall': 0.31081449939949773,
 'train_time': 2.2144083333333335}
2023-11-30 19:52:56 - DEBUG - (3973824282:141): Metrics for:
(16, (15, 10, 5), 1, 0.001, 512, 50)
{'f1': 0.3481037924151697,
 'loss': 0.7408084074656168,
 'mttd': 77718.0,
 'precision': 0.5864197530864197,
 'recall': 0.31081449939949773,
 'train_time': 2.199334}
2023-11-30 19:53:03 - DEBUG - (3973824282:141): Metrics for:
(16, (15, 10, 5), 1, 0.0015, 512, 50)
{'f1': 0.3464285714285715,
 'loss': 0.6730639636516571,
 'mttd': 71744.0,
 'precision': 0.5828816621499548,
 'recall': 0.31081449939949773,
 'train_time': 2.2075739999999997}
2023-11-30 19:53:10 - DEBUG - (3973824282:141): Metrics for:
(16, (15, 10, 5), 1, 0.01, 512, 50)
{'f1': 0.33913043478260874,
 'loss': 0.41043633470932644,
 'mttd': 77718.0,
 'precision': 0.567972596874331,
 'recall': 0.31081449939949773,
 'train_time': 2.139616}
2023-11-30 19:53:16 - DEBUG - (3973824282:141): Metrics for:
(16, (15, 10, 5), 6, 0.0005, 512, 50)
{'f1': 0.2258758103367444,
 'loss': 0.6915303965409597,
 'mttd': 103385.33333333333,
 'precision': 0.5655430711610486,
 'recall': 0.15771372420569932,
 'train_time': 2.1051066666666665}
2023-11-30 19:53:23 - DEBUG - (3973824282:141): Metrics for:
(16, (15, 10, 5), 6, 0.001, 512, 50)
{'f1': 0.2258758103367444,
 'loss': 0.6684261312087377,
 'mttd': 103385.33333333333,
 'precision': 0.5655430711610486,
 'recall': 0.15771372420569932,
 'train_time': 2.1439726666666665}
2023-11-30 19:53:30 - DEBUG - (3973824282:141): Metrics for:
(16, (15, 10, 5), 6, 0.0015, 512, 50)
{'f1': 0.2258758103367444,
 'loss': 0.6562537650267283,
 'mttd': 102438.33333333333,
 'precision': 0.5655430711610486,
 'recall': 0.15771372420569932,
 'train_time': 2.151991}
2023-11-30 19:53:36 - DEBUG - (3973824282:141): Metrics for:
(16, (15, 10, 5), 6, 0.01, 512, 50)
{'f1': 0.22280146465586792,
 'loss': 0.4733245571454366,
 'mttd': 103385.33333333333,
 'precision': 0.47205387205387206,
 'recall': 0.15771372420569932,
 'train_time': 2.1394706666666665}
2023-11-30 19:53:45 - DEBUG - (3973824282:141): Metrics for:
(16, (15, 10, 5), 11, 0.0005, 512, 50)
{'f1': 0.18790520903196958,
 'loss': 0.8264862100283304,
 'mttd': 100631.66666666667,
 'precision': 0.36286630036630035,
 'recall': 0.14027186374058304,
 'train_time': 2.809163}
2023-11-30 19:53:54 - DEBUG - (3973824282:141): Metrics for:
(16, (15, 10, 5), 11, 0.001, 512, 50)
{'f1': 0.18790520903196958,
 'loss': 0.7733908692995707,
 'mttd': 100631.66666666667,
 'precision': 0.36286630036630035,
 'recall': 0.14027186374058304,
 'train_time': 2.8263323333333332}
2023-11-30 19:54:03 - DEBUG - (3973824282:141): Metrics for:
(16, (15, 10, 5), 11, 0.0015, 512, 50)
{'f1': 0.18790520903196958,
 'loss': 0.7975220183531443,
 'mttd': 100631.66666666667,
 'precision': 0.36286630036630035,
 'recall': 0.14027186374058304,
 'train_time': 2.7768363333333332}
2023-11-30 19:54:12 - DEBUG - (3973824282:141): Metrics for:
(16, (15, 10, 5), 11, 0.01, 512, 50)
{'f1': 0.18555862741909254,
 'loss': 0.41521961738665897,
 'mttd': 100631.66666666667,
 'precision': 0.3327485380116959,
 'recall': 0.14027186374058304,
 'train_time': 2.8841819999999996}
2023-11-30 19:54:20 - DEBUG - (3973824282:141): Metrics for:
(16, (15, 10, 5), 16, 0.0005, 512, 50)
{'f1': 0.13161068044788976,
 'loss': 0.692315936088562,
 'mttd': 94176.66666666667,
 'precision': 0.24887800897592818,
 'recall': 0.09182225133748227,
 'train_time': 2.7605386666666667}
2023-11-30 19:54:29 - DEBUG - (3973824282:141): Metrics for:
(16, (15, 10, 5), 16, 0.001, 512, 50)
{'f1': 0.13161068044788976,
 'loss': 0.6761766374111176,
 'mttd': 94176.66666666667,
 'precision': 0.24887800897592818,
 'recall': 0.09182225133748227,
 'train_time': 2.745409}
2023-11-30 19:54:38 - DEBUG - (3973824282:141): Metrics for:
(16, (15, 10, 5), 16, 0.0015, 512, 50)
{'f1': 0.13161068044788976,
 'loss': 0.5527349809805552,
 'mttd': 94176.66666666667,
 'precision': 0.24887800897592818,
 'recall': 0.09182225133748227,
 'train_time': 2.7651796666666666}
2023-11-30 19:54:46 - DEBUG - (3973824282:141): Metrics for:
(16, (15, 10, 5), 16, 0.01, 512, 50)
{'f1': 0.13050607859768165,
 'loss': 0.3854818095763524,
 'mttd': 94176.66666666667,
 'precision': 0.24405458089668616,
 'recall': 0.09182225133748227,
 'train_time': 2.7925866666666668}
